make[1]: Verzeichnis „/mnt/c/Dev/git/actor-framework/build“ wird betreten
make[2]: Verzeichnis „/mnt/c/Dev/git/actor-framework/build“ wird betreten
make[3]: Verzeichnis „/mnt/c/Dev/git/actor-framework/build“ wird betreten
make[3]: Verzeichnis „/mnt/c/Dev/git/actor-framework/build“ wird verlassen
[  0%] Built target libcaf_io
make[3]: Verzeichnis „/mnt/c/Dev/git/actor-framework/build“ wird betreten
make[3]: Verzeichnis „/mnt/c/Dev/git/actor-framework/build“ wird verlassen
[  0%] Built target libcaf_core
make[3]: Verzeichnis „/mnt/c/Dev/git/actor-framework/build“ wird betreten
make[3]: Verzeichnis „/mnt/c/Dev/git/actor-framework/build“ wird verlassen
[ 49%] Built target libcaf_core_shared
make[3]: Verzeichnis „/mnt/c/Dev/git/actor-framework/build“ wird betreten
make[3]: Verzeichnis „/mnt/c/Dev/git/actor-framework/build“ wird verlassen
[ 61%] Built target libcaf_io_shared
make[3]: Verzeichnis „/mnt/c/Dev/git/actor-framework/build“ wird betreten
make[3]: Verzeichnis „/mnt/c/Dev/git/actor-framework/build“ wird verlassen
[ 61%] Built target all_unit_tests
make[3]: Verzeichnis „/mnt/c/Dev/git/actor-framework/build“ wird betreten
make[3]: Verzeichnis „/mnt/c/Dev/git/actor-framework/build“ wird verlassen
[ 92%] Built target caf-test
make[3]: Verzeichnis „/mnt/c/Dev/git/actor-framework/build“ wird betreten
make[3]: Verzeichnis „/mnt/c/Dev/git/actor-framework/build“ wird verlassen
[ 92%] Built target all_examples
make[3]: Verzeichnis „/mnt/c/Dev/git/actor-framework/build“ wird betreten
make[3]: Verzeichnis „/mnt/c/Dev/git/actor-framework/build“ wird verlassen
[ 93%] Built target polynomial
make[3]: Verzeichnis „/mnt/c/Dev/git/actor-framework/build“ wird betreten
make[3]: Verzeichnis „/mnt/c/Dev/git/actor-framework/build“ wird verlassen
[ 94%] Built target kvs
make[3]: Verzeichnis „/mnt/c/Dev/git/actor-framework/build“ wird betreten
make[3]: Verzeichnis „/mnt/c/Dev/git/actor-framework/build“ wird verlassen
make[3]: Verzeichnis „/mnt/c/Dev/git/actor-framework/build“ wird betreten
[ 95%] Building CXX object examples/CMakeFiles/simplechatserver.dir/tasks/simplechatserver.cpp.o
examples/CMakeFiles/simplechatserver.dir/build.make:62: die Regel für Ziel „examples/CMakeFiles/simplechatserver.dir/tasks/simplechatserver.cpp.o“ scheiterte
make[3]: Verzeichnis „/mnt/c/Dev/git/actor-framework/build“ wird verlassen
CMakeFiles/Makefile2:526: die Regel für Ziel „examples/CMakeFiles/simplechatserver.dir/all“ scheiterte
make[2]: Verzeichnis „/mnt/c/Dev/git/actor-framework/build“ wird verlassen
Makefile:127: die Regel für Ziel „all“ scheiterte
make[1]: Verzeichnis „/mnt/c/Dev/git/actor-framework/build“ wird verlassen
Makefile:4: die Regel für Ziel „all“ scheiterte

/mnt/c/Dev/git/actor-framework/examples/tasks/simplechatserver.cpp: In function ‘void caf_main(caf::actor_system&, const scs_config&)’:
/mnt/c/Dev/git/actor-framework/examples/tasks/simplechatserver.cpp:112:2: error: ‘system.caf::actor_system::middleman’ does not have class type
  system.middleman.publish(server, cfg.port);
  ^
In file included from /mnt/c/Dev/git/actor-framework/libcaf_core/caf/scheduled_actor.hpp:39:0,
                 from /mnt/c/Dev/git/actor-framework/libcaf_core/caf/event_based_actor.hpp:30,
                 from /mnt/c/Dev/git/actor-framework/libcaf_core/caf/detail/split_join.hpp:28,
                 from /mnt/c/Dev/git/actor-framework/libcaf_core/caf/actor_pool.hpp:32,
                 from /mnt/c/Dev/git/actor-framework/libcaf_core/caf/all.hpp:49,
                 from /mnt/c/Dev/git/actor-framework/examples/tasks/simplechatserver.cpp:5:
/mnt/c/Dev/git/actor-framework/libcaf_core/caf/mixin/sender.hpp: In instantiation of ‘void caf::mixin::sender<Base, Subtype>::send(const Dest&, Ts&& ...) [with caf::message_priority P = (caf::message_priority)0u; Dest = caf::stateful_actor<scs_state, caf::typed_event_based_actor<caf::typed_mpi<caf::detail::type_list<caf::atom_constant<(caf::atom_value)264194995u>, std::__cxx11::basic_string<char, std::char_traits<char>, std::allocator<char> >, caf::typed_actor<caf::typed_mpi<caf::detail::type_list<std::__cxx11::basic_string<char, std::char_traits<char>, std::allocator<char> >, std::__cxx11::basic_string<char, std::char_traits<char>, std::allocator<char> > >, caf::output_tuple<void> >, caf::typed_mpi<caf::detail::type_list<std::vector<std::__cxx11::basic_string<char, std::char_traits<char>, std::allocator<char> >, std::allocator<std::__cxx11::basic_string<char, std::char_traits<char>, std::allocator<char> > > > >, caf::output_tuple<void> > > >, caf::output_tuple<void> >, caf::typed_mpi<caf::detail::type_list<caf::atom_constant<(caf::atom_value)262330809u>, std::__cxx11::basic_string<char, std::char_traits<char>, std::allocator<char> >, std::__cxx11::basic_string<char, std::char_traits<char>, std::allocator<char> > >, caf::output_tuple<void> >, caf::typed_mpi<caf::detail::type_list<caf::atom_constant<(caf::atom_value)16939380458u>, std::__cxx11::basic_string<char, std::char_traits<char>, std::allocator<char> >, caf::typed_actor<caf::typed_mpi<caf::detail::type_list<std::__cxx11::basic_string<char, std::char_traits<char>, std::allocator<char> >, std::__cxx11::basic_string<char, std::char_traits<char>, std::allocator<char> > >, caf::output_tuple<void> >, caf::typed_mpi<caf::detail::type_list<std::vector<std::__cxx11::basic_string<char, std::char_traits<char>, std::allocator<char> >, std::allocator<std::__cxx11::basic_string<char, std::char_traits<char>, std::allocator<char> > > > >, caf::output_tuple<void> > > >, caf::output_tuple<void> >, caf::typed_mpi<caf::detail::type_list<caf::atom_constant<(caf::atom_value)64632u> >, caf::output_tuple<std::vector<std::__cxx11::basic_string<char, std::char_traits<char>, std::allocator<char> >, std::allocator<std::__cxx11::basic_string<char, std::char_traits<char>, std::allocator<char> > > > > > > >*; Ts = {caf::atom_value, std::__cxx11::basic_string<char, std::char_traits<char>, std::allocator<char> >, caf::typed_actor<caf::typed_mpi<caf::detail::type_list<std::__cxx11::basic_string<char, std::char_traits<char>, std::allocator<char> >, std::__cxx11::basic_string<char, std::char_traits<char>, std::allocator<char> > >, caf::output_tuple<void> >, caf::typed_mpi<caf::detail::type_list<std::vector<std::__cxx11::basic_string<char, std::char_traits<char>, std::allocator<char> >, std::allocator<std::__cxx11::basic_string<char, std::char_traits<char>, std::allocator<char> > > > >, caf::output_tuple<void> > >&}; Base = caf::scheduled_actor; Subtype = caf::typed_event_based_actor<caf::typed_mpi<caf::detail::type_list<caf::atom_constant<(caf::atom_value)264194995u>, std::__cxx11::basic_string<char, std::char_traits<char>, std::allocator<char> >, caf::typed_actor<caf::typed_mpi<caf::detail::type_list<std::__cxx11::basic_string<char, std::char_traits<char>, std::allocator<char> >, std::__cxx11::basic_string<char, std::char_traits<char>, std::allocator<char> > >, caf::output_tuple<void> >, caf::typed_mpi<caf::detail::type_list<std::vector<std::__cxx11::basic_string<char, std::char_traits<char>, std::allocator<char> >, std::allocator<std::__cxx11::basic_string<char, std::char_traits<char>, std::allocator<char> > > > >, caf::output_tuple<void> > > >, caf::output_tuple<void> >, caf::typed_mpi<caf::detail::type_list<caf::atom_constant<(caf::atom_value)262330809u>, std::__cxx11::basic_string<char, std::char_traits<char>, std::allocator<char> >, std::__cxx11::basic_string<char, std::char_traits<char>, std::allocator<char> > >, caf::output_tuple<void> >, caf::typed_mpi<caf::detail::type_list<caf::atom_constant<(caf::atom_value)16939380458u>, std::__cxx11::basic_string<char, std::char_traits<char>, std::allocator<char> >, caf::typed_actor<caf::typed_mpi<caf::detail::type_list<std::__cxx11::basic_string<char, std::char_traits<char>, std::allocator<char> >, std::__cxx11::basic_string<char, std::char_traits<char>, std::allocator<char> > >, caf::output_tuple<void> >, caf::typed_mpi<caf::detail::type_list<std::vector<std::__cxx11::basic_string<char, std::char_traits<char>, std::allocator<char> >, std::allocator<std::__cxx11::basic_string<char, std::char_traits<char>, std::allocator<char> > > > >, caf::output_tuple<void> > > >, caf::output_tuple<void> >, caf::typed_mpi<caf::detail::type_list<caf::atom_constant<(caf::atom_value)64632u> >, caf::output_tuple<std::vector<std::__cxx11::basic_string<char, std::char_traits<char>, std::allocator<char> >, std::allocator<std::__cxx11::basic_string<char, std::char_traits<char>, std::allocator<char> > > > > > >]’:
/mnt/c/Dev/git/actor-framework/examples/tasks/simplechatserver.cpp:50:70:   required from here
/mnt/c/Dev/git/actor-framework/libcaf_core/caf/mixin/sender.hpp:73:5: error: static assertion failed: receiver does not accept given message
     static_assert(res_t::valid, "receiver does not accept given message");
     ^
/mnt/c/Dev/git/actor-framework/libcaf_core/caf/mixin/sender.hpp:75:19: error: no type named ‘type’ in ‘struct caf::response_type<caf::detail::type_list<caf::typed_mpi<caf::detail::type_list<caf::atom_constant<(caf::atom_value)264194995u>, std::__cxx11::basic_string<char, std::char_traits<char>, std::allocator<char> >, caf::typed_actor<caf::typed_mpi<caf::detail::type_list<std::__cxx11::basic_string<char, std::char_traits<char>, std::allocator<char> >, std::__cxx11::basic_string<char, std::char_traits<char>, std::allocator<char> > >, caf::output_tuple<void> >, caf::typed_mpi<caf::detail::type_list<std::vector<std::__cxx11::basic_string<char, std::char_traits<char>, std::allocator<char> >, std::allocator<std::__cxx11::basic_string<char, std::char_traits<char>, std::allocator<char> > > > >, caf::output_tuple<void> > > >, caf::output_tuple<void> >, caf::typed_mpi<caf::detail::type_list<caf::atom_constant<(caf::atom_value)262330809u>, std::__cxx11::basic_string<char, std::char_traits<char>, std::allocator<char> >, std::__cxx11::basic_string<char, std::char_traits<char>, std::allocator<char> > >, caf::output_tuple<void> >, caf::typed_mpi<caf::detail::type_list<caf::atom_constant<(caf::atom_value)16939380458u>, std::__cxx11::basic_string<char, std::char_traits<char>, std::allocator<char> >, caf::typed_actor<caf::typed_mpi<caf::detail::type_list<std::__cxx11::basic_string<char, std::char_traits<char>, std::allocator<char> >, std::__cxx11::basic_string<char, std::char_traits<char>, std::allocator<char> > >, caf::output_tuple<void> >, caf::typed_mpi<caf::detail::type_list<std::vector<std::__cxx11::basic_string<char, std::char_traits<char>, std::allocator<char> >, std::allocator<std::__cxx11::basic_string<char, std::char_traits<char>, std::allocator<char> > > > >, caf::output_tuple<void> > > >, caf::output_tuple<void> >, caf::typed_mpi<caf::detail::type_list<caf::atom_constant<(caf::atom_value)64632u> >, caf::output_tuple<std::vector<std::__cxx11::basic_string<char, std::char_traits<char>, std::allocator<char> >, std::allocator<std::__cxx11::basic_string<char, std::char_traits<char>, std::allocator<char> > > > > > >, caf::atom_value, std::__cxx11::basic_string<char, std::char_traits<char>, std::allocator<char> >, caf::typed_actor<caf::typed_mpi<caf::detail::type_list<std::__cxx11::basic_string<char, std::char_traits<char>, std::allocator<char> >, std::__cxx11::basic_string<char, std::char_traits<char>, std::allocator<char> > >, caf::output_tuple<void> >, caf::typed_mpi<caf::detail::type_list<std::vector<std::__cxx11::basic_string<char, std::char_traits<char>, std::allocator<char> >, std::allocator<std::__cxx11::basic_string<char, std::char_traits<char>, std::allocator<char> > > > >, caf::output_tuple<void> > > >’
                   || response_type_unbox<
                   ^
/mnt/c/Dev/git/actor-framework/libcaf_core/caf/mixin/sender.hpp:75:19: error: no type named ‘type’ in ‘struct caf::response_type<caf::detail::type_list<caf::typed_mpi<caf::detail::type_list<caf::atom_constant<(caf::atom_value)264194995u>, std::__cxx11::basic_string<char, std::char_traits<char>, std::allocator<char> >, caf::typed_actor<caf::typed_mpi<caf::detail::type_list<std::__cxx11::basic_string<char, std::char_traits<char>, std::allocator<char> >, std::__cxx11::basic_string<char, std::char_traits<char>, std::allocator<char> > >, caf::output_tuple<void> >, caf::typed_mpi<caf::detail::type_list<std::vector<std::__cxx11::basic_string<char, std::char_traits<char>, std::allocator<char> >, std::allocator<std::__cxx11::basic_string<char, std::char_traits<char>, std::allocator<char> > > > >, caf::output_tuple<void> > > >, caf::output_tuple<void> >, caf::typed_mpi<caf::detail::type_list<caf::atom_constant<(caf::atom_value)262330809u>, std::__cxx11::basic_string<char, std::char_traits<char>, std::allocator<char> >, std::__cxx11::basic_string<char, std::char_traits<char>, std::allocator<char> > >, caf::output_tuple<void> >, caf::typed_mpi<caf::detail::type_list<caf::atom_constant<(caf::atom_value)16939380458u>, std::__cxx11::basic_string<char, std::char_traits<char>, std::allocator<char> >, caf::typed_actor<caf::typed_mpi<caf::detail::type_list<std::__cxx11::basic_string<char, std::char_traits<char>, std::allocator<char> >, std::__cxx11::basic_string<char, std::char_traits<char>, std::allocator<char> > >, caf::output_tuple<void> >, caf::typed_mpi<caf::detail::type_list<std::vector<std::__cxx11::basic_string<char, std::char_traits<char>, std::allocator<char> >, std::allocator<std::__cxx11::basic_string<char, std::char_traits<char>, std::allocator<char> > > > >, caf::output_tuple<void> > > >, caf::output_tuple<void> >, caf::typed_mpi<caf::detail::type_list<caf::atom_constant<(caf::atom_value)64632u> >, caf::output_tuple<std::vector<std::__cxx11::basic_string<char, std::char_traits<char>, std::allocator<char> >, std::allocator<std::__cxx11::basic_string<char, std::char_traits<char>, std::allocator<char> > > > > > >, caf::atom_value, std::__cxx11::basic_string<char, std::char_traits<char>, std::allocator<char> >, caf::typed_actor<caf::typed_mpi<caf::detail::type_list<std::__cxx11::basic_string<char, std::char_traits<char>, std::allocator<char> >, std::__cxx11::basic_string<char, std::char_traits<char>, std::allocator<char> > >, caf::output_tuple<void> >, caf::typed_mpi<caf::detail::type_list<std::vector<std::__cxx11::basic_string<char, std::char_traits<char>, std::allocator<char> >, std::allocator<std::__cxx11::basic_string<char, std::char_traits<char>, std::allocator<char> > > > >, caf::output_tuple<void> > > >’
/mnt/c/Dev/git/actor-framework/libcaf_core/caf/mixin/sender.hpp: In instantiation of ‘void caf::mixin::sender<Base, Subtype>::send(const Dest&, Ts&& ...) [with caf::message_priority P = (caf::message_priority)0u; Dest = caf::stateful_actor<scs_state, caf::typed_event_based_actor<caf::typed_mpi<caf::detail::type_list<caf::atom_constant<(caf::atom_value)264194995u>, std::__cxx11::basic_string<char, std::char_traits<char>, std::allocator<char> >, caf::typed_actor<caf::typed_mpi<caf::detail::type_list<std::__cxx11::basic_string<char, std::char_traits<char>, std::allocator<char> >, std::__cxx11::basic_string<char, std::char_traits<char>, std::allocator<char> > >, caf::output_tuple<void> >, caf::typed_mpi<caf::detail::type_list<std::vector<std::__cxx11::basic_string<char, std::char_traits<char>, std::allocator<char> >, std::allocator<std::__cxx11::basic_string<char, std::char_traits<char>, std::allocator<char> > > > >, caf::output_tuple<void> > > >, caf::output_tuple<void> >, caf::typed_mpi<caf::detail::type_list<caf::atom_constant<(caf::atom_value)262330809u>, std::__cxx11::basic_string<char, std::char_traits<char>, std::allocator<char> >, std::__cxx11::basic_string<char, std::char_traits<char>, std::allocator<char> > >, caf::output_tuple<void> >, caf::typed_mpi<caf::detail::type_list<caf::atom_constant<(caf::atom_value)16939380458u>, std::__cxx11::basic_string<char, std::char_traits<char>, std::allocator<char> >, caf::typed_actor<caf::typed_mpi<caf::detail::type_list<std::__cxx11::basic_string<char, std::char_traits<char>, std::allocator<char> >, std::__cxx11::basic_string<char, std::char_traits<char>, std::allocator<char> > >, caf::output_tuple<void> >, caf::typed_mpi<caf::detail::type_list<std::vector<std::__cxx11::basic_string<char, std::char_traits<char>, std::allocator<char> >, std::allocator<std::__cxx11::basic_string<char, std::char_traits<char>, std::allocator<char> > > > >, caf::output_tuple<void> > > >, caf::output_tuple<void> >, caf::typed_mpi<caf::detail::type_list<caf::atom_constant<(caf::atom_value)64632u> >, caf::output_tuple<std::vector<std::__cxx11::basic_string<char, std::char_traits<char>, std::allocator<char> >, std::allocator<std::__cxx11::basic_string<char, std::char_traits<char>, std::allocator<char> > > > > > > >*; Ts = {caf::atom_value, std::__cxx11::basic_string<char, std::char_traits<char>, std::allocator<char> >&, std::__cxx11::basic_string<char, std::char_traits<char>, std::allocator<char> >&}; Base = caf::scheduled_actor; Subtype = caf::typed_event_based_actor<caf::typed_mpi<caf::detail::type_list<caf::atom_constant<(caf::atom_value)264194995u>, std::__cxx11::basic_string<char, std::char_traits<char>, std::allocator<char> >, caf::typed_actor<caf::typed_mpi<caf::detail::type_list<std::__cxx11::basic_string<char, std::char_traits<char>, std::allocator<char> >, std::__cxx11::basic_string<char, std::char_traits<char>, std::allocator<char> > >, caf::output_tuple<void> >, caf::typed_mpi<caf::detail::type_list<std::vector<std::__cxx11::basic_string<char, std::char_traits<char>, std::allocator<char> >, std::allocator<std::__cxx11::basic_string<char, std::char_traits<char>, std::allocator<char> > > > >, caf::output_tuple<void> > > >, caf::output_tuple<void> >, caf::typed_mpi<caf::detail::type_list<caf::atom_constant<(caf::atom_value)262330809u>, std::__cxx11::basic_string<char, std::char_traits<char>, std::allocator<char> >, std::__cxx11::basic_string<char, std::char_traits<char>, std::allocator<char> > >, caf::output_tuple<void> >, caf::typed_mpi<caf::detail::type_list<caf::atom_constant<(caf::atom_value)16939380458u>, std::__cxx11::basic_string<char, std::char_traits<char>, std::allocator<char> >, caf::typed_actor<caf::typed_mpi<caf::detail::type_list<std::__cxx11::basic_string<char, std::char_traits<char>, std::allocator<char> >, std::__cxx11::basic_string<char, std::char_traits<char>, std::allocator<char> > >, caf::output_tuple<void> >, caf::typed_mpi<caf::detail::type_list<std::vector<std::__cxx11::basic_string<char, std::char_traits<char>, std::allocator<char> >, std::allocator<std::__cxx11::basic_string<char, std::char_traits<char>, std::allocator<char> > > > >, caf::output_tuple<void> > > >, caf::output_tuple<void> >, caf::typed_mpi<caf::detail::type_list<caf::atom_constant<(caf::atom_value)64632u> >, caf::output_tuple<std::vector<std::__cxx11::basic_string<char, std::char_traits<char>, std::allocator<char> >, std::allocator<std::__cxx11::basic_string<char, std::char_traits<char>, std::allocator<char> > > > > > >]’:
/mnt/c/Dev/git/actor-framework/examples/tasks/simplechatserver.cpp:77:89:   required from here
/mnt/c/Dev/git/actor-framework/libcaf_core/caf/mixin/sender.hpp:73:5: error: static assertion failed: receiver does not accept given message
     static_assert(res_t::valid, "receiver does not accept given message");
     ^
/mnt/c/Dev/git/actor-framework/libcaf_core/caf/mixin/sender.hpp:75:19: error: no type named ‘type’ in ‘struct caf::response_type<caf::detail::type_list<caf::typed_mpi<caf::detail::type_list<caf::atom_constant<(caf::atom_value)264194995u>, std::__cxx11::basic_string<char, std::char_traits<char>, std::allocator<char> >, caf::typed_actor<caf::typed_mpi<caf::detail::type_list<std::__cxx11::basic_string<char, std::char_traits<char>, std::allocator<char> >, std::__cxx11::basic_string<char, std::char_traits<char>, std::allocator<char> > >, caf::output_tuple<void> >, caf::typed_mpi<caf::detail::type_list<std::vector<std::__cxx11::basic_string<char, std::char_traits<char>, std::allocator<char> >, std::allocator<std::__cxx11::basic_string<char, std::char_traits<char>, std::allocator<char> > > > >, caf::output_tuple<void> > > >, caf::output_tuple<void> >, caf::typed_mpi<caf::detail::type_list<caf::atom_constant<(caf::atom_value)262330809u>, std::__cxx11::basic_string<char, std::char_traits<char>, std::allocator<char> >, std::__cxx11::basic_string<char, std::char_traits<char>, std::allocator<char> > >, caf::output_tuple<void> >, caf::typed_mpi<caf::detail::type_list<caf::atom_constant<(caf::atom_value)16939380458u>, std::__cxx11::basic_string<char, std::char_traits<char>, std::allocator<char> >, caf::typed_actor<caf::typed_mpi<caf::detail::type_list<std::__cxx11::basic_string<char, std::char_traits<char>, std::allocator<char> >, std::__cxx11::basic_string<char, std::char_traits<char>, std::allocator<char> > >, caf::output_tuple<void> >, caf::typed_mpi<caf::detail::type_list<std::vector<std::__cxx11::basic_string<char, std::char_traits<char>, std::allocator<char> >, std::allocator<std::__cxx11::basic_string<char, std::char_traits<char>, std::allocator<char> > > > >, caf::output_tuple<void> > > >, caf::output_tuple<void> >, caf::typed_mpi<caf::detail::type_list<caf::atom_constant<(caf::atom_value)64632u> >, caf::output_tuple<std::vector<std::__cxx11::basic_string<char, std::char_traits<char>, std::allocator<char> >, std::allocator<std::__cxx11::basic_string<char, std::char_traits<char>, std::allocator<char> > > > > > >, caf::atom_value, std::__cxx11::basic_string<char, std::char_traits<char>, std::allocator<char> >, std::__cxx11::basic_string<char, std::char_traits<char>, std::allocator<char> > >’
                   || response_type_unbox<
                   ^
/mnt/c/Dev/git/actor-framework/libcaf_core/caf/mixin/sender.hpp:75:19: error: no type named ‘type’ in ‘struct caf::response_type<caf::detail::type_list<caf::typed_mpi<caf::detail::type_list<caf::atom_constant<(caf::atom_value)264194995u>, std::__cxx11::basic_string<char, std::char_traits<char>, std::allocator<char> >, caf::typed_actor<caf::typed_mpi<caf::detail::type_list<std::__cxx11::basic_string<char, std::char_traits<char>, std::allocator<char> >, std::__cxx11::basic_string<char, std::char_traits<char>, std::allocator<char> > >, caf::output_tuple<void> >, caf::typed_mpi<caf::detail::type_list<std::vector<std::__cxx11::basic_string<char, std::char_traits<char>, std::allocator<char> >, std::allocator<std::__cxx11::basic_string<char, std::char_traits<char>, std::allocator<char> > > > >, caf::output_tuple<void> > > >, caf::output_tuple<void> >, caf::typed_mpi<caf::detail::type_list<caf::atom_constant<(caf::atom_value)262330809u>, std::__cxx11::basic_string<char, std::char_traits<char>, std::allocator<char> >, std::__cxx11::basic_string<char, std::char_traits<char>, std::allocator<char> > >, caf::output_tuple<void> >, caf::typed_mpi<caf::detail::type_list<caf::atom_constant<(caf::atom_value)16939380458u>, std::__cxx11::basic_string<char, std::char_traits<char>, std::allocator<char> >, caf::typed_actor<caf::typed_mpi<caf::detail::type_list<std::__cxx11::basic_string<char, std::char_traits<char>, std::allocator<char> >, std::__cxx11::basic_string<char, std::char_traits<char>, std::allocator<char> > >, caf::output_tuple<void> >, caf::typed_mpi<caf::detail::type_list<std::vector<std::__cxx11::basic_string<char, std::char_traits<char>, std::allocator<char> >, std::allocator<std::__cxx11::basic_string<char, std::char_traits<char>, std::allocator<char> > > > >, caf::output_tuple<void> > > >, caf::output_tuple<void> >, caf::typed_mpi<caf::detail::type_list<caf::atom_constant<(caf::atom_value)64632u> >, caf::output_tuple<std::vector<std::__cxx11::basic_string<char, std::char_traits<char>, std::allocator<char> >, std::allocator<std::__cxx11::basic_string<char, std::char_traits<char>, std::allocator<char> > > > > > >, caf::atom_value, std::__cxx11::basic_string<char, std::char_traits<char>, std::allocator<char> >, std::__cxx11::basic_string<char, std::char_traits<char>, std::allocator<char> > >’
In file included from /mnt/c/Dev/git/actor-framework/libcaf_core/caf/exec_main.hpp:24:0,
                 from /mnt/c/Dev/git/actor-framework/libcaf_core/caf/all.hpp:44,
                 from /mnt/c/Dev/git/actor-framework/examples/tasks/simplechatserver.cpp:5:
/mnt/c/Dev/git/actor-framework/libcaf_core/caf/actor_system_config.hpp: In instantiation of ‘caf::actor_system_config::load()::<lambda(caf::actor_system&)> [with T = caf::io::middleman; Ts = {}]’:
/mnt/c/Dev/git/actor-framework/libcaf_core/caf/actor_system_config.hpp:194:33:   required from ‘struct caf::actor_system_config::load() [with T = caf::io::middleman; Ts = {}]::<lambda(class caf::actor_system&)>’
/mnt/c/Dev/git/actor-framework/libcaf_core/caf/actor_system_config.hpp:194:5:   required from ‘caf::actor_system_config& caf::actor_system_config::load() [with T = caf::io::middleman; Ts = {}]’
/mnt/c/Dev/git/actor-framework/examples/tasks/simplechatserver.cpp:102:28:   required from here
/mnt/c/Dev/git/actor-framework/libcaf_core/caf/actor_system_config.hpp:195:21: error: incomplete type ‘caf::io::middleman’ used in nested name specifier
       return T::make(sys, detail::type_list<Ts...>{});
                     ^
In file included from /mnt/c/Dev/git/actor-framework/libcaf_core/caf/error.hpp:25:0,
                 from /mnt/c/Dev/git/actor-framework/libcaf_core/caf/sec.hpp:27,
                 from /mnt/c/Dev/git/actor-framework/libcaf_core/caf/all.hpp:25,
                 from /mnt/c/Dev/git/actor-framework/examples/tasks/simplechatserver.cpp:5:
/usr/include/c++/5/functional: At global scope:
/usr/include/c++/5/functional:2246:7: error: ‘std::function<_Res(_ArgTypes ...)>::function(_Functor) [with _Functor = caf::actor_system_config::load() [with T = caf::io::middleman; Ts = {}]::<lambda(caf::actor_system&)>; <template-parameter-2-2> = void; <template-parameter-2-3> = void; _Res = caf::actor_system::module*; _ArgTypes = {caf::actor_system&}]’, declared using local type ‘caf::actor_system_config::load() [with T = caf::io::middleman; Ts = {}]::<lambda(caf::actor_system&)>’, is used but never defined [-fpermissive]
       function<_Res(_ArgTypes...)>::
       ^
make[3]: *** [examples/CMakeFiles/simplechatserver.dir/tasks/simplechatserver.cpp.o] Fehler 1
make[2]: *** [examples/CMakeFiles/simplechatserver.dir/all] Fehler 2
make[1]: *** [all] Fehler 2
make: *** [all] Fehler 2
